<?xml version="1.0" encoding="UTF-8"?>
<testng-results skipped="0" failed="1" ignored="0" total="5" passed="4">
  <reporter-output>
  </reporter-output>
  <suite name="Default suite" duration-ms="56223" started-at="2021-04-12T12:30:50 CEST" finished-at="2021-04-12T12:31:46 CEST">
    <groups>
    </groups>
    <test name="Default test" duration-ms="56223" started-at="2021-04-12T12:30:50 CEST" finished-at="2021-04-12T12:31:46 CEST">
      <class name="de.simple.testcase.Preisvergleich">
        <test-method status="PASS" signature="setUp()[pri:0, instance:de.simple.testcase.Preisvergleich@2bbf4b8b]" name="setUp" is-config="true" duration-ms="8156" started-at="2021-04-12T12:30:50 CEST" finished-at="2021-04-12T12:30:58 CEST">
          <reporter-output>
          </reporter-output>
        </test-method> <!-- setUp -->
        <test-method status="PASS" signature="PreisinWarenkorb(int)[pri:0, instance:de.simple.testcase.Preisvergleich@2bbf4b8b]" name="PreisinWarenkorb" duration-ms="11259" started-at="2021-04-12T12:31:00 CEST" data-provider="PV" finished-at="2021-04-12T12:31:11 CEST">
          <params>
            <param index="0">
              <value>
                <![CDATA[1]]>
              </value>
            </param>
          </params>
          <reporter-output>
          </reporter-output>
        </test-method> <!-- PreisinWarenkorb -->
        <test-method status="PASS" signature="getResult(org.testng.ITestResult)[pri:0, instance:de.simple.testcase.Preisvergleich@2bbf4b8b]" name="getResult" is-config="true" duration-ms="9" started-at="2021-04-12T12:31:11 CEST" finished-at="2021-04-12T12:31:11 CEST">
          <params>
            <param index="0">
              <value>
                <![CDATA[[TestResult name=PreisinWarenkorb status=SUCCESS method=Preisvergleich.PreisinWarenkorb(int)[pri:0, instance:de.simple.testcase.Preisvergleich@2bbf4b8b] output={null}]]]>
              </value>
            </param>
          </params>
          <reporter-output>
          </reporter-output>
        </test-method> <!-- getResult -->
        <test-method status="PASS" signature="PreisinWarenkorb(int)[pri:0, instance:de.simple.testcase.Preisvergleich@2bbf4b8b]" name="PreisinWarenkorb" duration-ms="13139" started-at="2021-04-12T12:31:11 CEST" data-provider="PV" finished-at="2021-04-12T12:31:24 CEST">
          <params>
            <param index="0">
              <value>
                <![CDATA[2]]>
              </value>
            </param>
          </params>
          <reporter-output>
          </reporter-output>
        </test-method> <!-- PreisinWarenkorb -->
        <test-method status="PASS" signature="getResult(org.testng.ITestResult)[pri:0, instance:de.simple.testcase.Preisvergleich@2bbf4b8b]" name="getResult" is-config="true" duration-ms="0" started-at="2021-04-12T12:31:24 CEST" finished-at="2021-04-12T12:31:24 CEST">
          <params>
            <param index="0">
              <value>
                <![CDATA[[TestResult name=PreisinWarenkorb status=SUCCESS method=Preisvergleich.PreisinWarenkorb(int)[pri:0, instance:de.simple.testcase.Preisvergleich@2bbf4b8b] output={null}]]]>
              </value>
            </param>
          </params>
          <reporter-output>
          </reporter-output>
        </test-method> <!-- getResult -->
        <test-method status="PASS" signature="PreisinWarenkorb(int)[pri:0, instance:de.simple.testcase.Preisvergleich@2bbf4b8b]" name="PreisinWarenkorb" duration-ms="10653" started-at="2021-04-12T12:31:24 CEST" data-provider="PV" finished-at="2021-04-12T12:31:35 CEST">
          <params>
            <param index="0">
              <value>
                <![CDATA[5]]>
              </value>
            </param>
          </params>
          <reporter-output>
          </reporter-output>
        </test-method> <!-- PreisinWarenkorb -->
        <test-method status="PASS" signature="getResult(org.testng.ITestResult)[pri:0, instance:de.simple.testcase.Preisvergleich@2bbf4b8b]" name="getResult" is-config="true" duration-ms="1" started-at="2021-04-12T12:31:35 CEST" finished-at="2021-04-12T12:31:35 CEST">
          <params>
            <param index="0">
              <value>
                <![CDATA[[TestResult name=PreisinWarenkorb status=SUCCESS method=Preisvergleich.PreisinWarenkorb(int)[pri:0, instance:de.simple.testcase.Preisvergleich@2bbf4b8b] output={null}]]]>
              </value>
            </param>
          </params>
          <reporter-output>
          </reporter-output>
        </test-method> <!-- getResult -->
        <test-method status="PASS" signature="PreisinWarenkorb(int)[pri:0, instance:de.simple.testcase.Preisvergleich@2bbf4b8b]" name="PreisinWarenkorb" duration-ms="7944" started-at="2021-04-12T12:31:35 CEST" data-provider="PV" finished-at="2021-04-12T12:31:43 CEST">
          <params>
            <param index="0">
              <value>
                <![CDATA[10]]>
              </value>
            </param>
          </params>
          <reporter-output>
          </reporter-output>
        </test-method> <!-- PreisinWarenkorb -->
        <test-method status="PASS" signature="getResult(org.testng.ITestResult)[pri:0, instance:de.simple.testcase.Preisvergleich@2bbf4b8b]" name="getResult" is-config="true" duration-ms="0" started-at="2021-04-12T12:31:43 CEST" finished-at="2021-04-12T12:31:43 CEST">
          <params>
            <param index="0">
              <value>
                <![CDATA[[TestResult name=PreisinWarenkorb status=SUCCESS method=Preisvergleich.PreisinWarenkorb(int)[pri:0, instance:de.simple.testcase.Preisvergleich@2bbf4b8b] output={null}]]]>
              </value>
            </param>
          </params>
          <reporter-output>
          </reporter-output>
        </test-method> <!-- getResult -->
        <test-method status="FAIL" signature="failtest()[pri:0, instance:de.simple.testcase.Preisvergleich@2bbf4b8b]" name="failtest" duration-ms="5" started-at="2021-04-12T12:31:43 CEST" finished-at="2021-04-12T12:31:43 CEST">
          <exception class="java.lang.AssertionError">
            <message>
              <![CDATA[expected [true] but found [false]]]>
            </message>
            <full-stacktrace>
              <![CDATA[java.lang.AssertionError: expected [true] but found [false]
at org.testng.Assert.fail(Assert.java:97)
at org.testng.Assert.failNotEquals(Assert.java:969)
at org.testng.Assert.assertTrue(Assert.java:43)
at org.testng.Assert.assertTrue(Assert.java:53)
at de.simple.testcase.Preisvergleich.failtest(Preisvergleich.java:117)
at sun.reflect.NativeMethodAccessorImpl.invoke0(Native Method)
at sun.reflect.NativeMethodAccessorImpl.invoke(NativeMethodAccessorImpl.java:62)
at sun.reflect.DelegatingMethodAccessorImpl.invoke(DelegatingMethodAccessorImpl.java:43)
at java.lang.reflect.Method.invoke(Method.java:498)
at org.testng.internal.MethodInvocationHelper.invokeMethod(MethodInvocationHelper.java:134)
at org.testng.internal.TestInvoker.invokeMethod(TestInvoker.java:597)
at org.testng.internal.TestInvoker.invokeTestMethod(TestInvoker.java:173)
at org.testng.internal.MethodRunner.runInSequence(MethodRunner.java:46)
at org.testng.internal.TestInvoker$MethodInvocationAgent.invoke(TestInvoker.java:816)
at org.testng.internal.TestInvoker.invokeTestMethods(TestInvoker.java:146)
at org.testng.internal.TestMethodWorker.invokeTestMethods(TestMethodWorker.java:146)
at org.testng.internal.TestMethodWorker.run(TestMethodWorker.java:128)
at java.util.ArrayList.forEach(ArrayList.java:1257)
at org.testng.TestRunner.privateRun(TestRunner.java:766)
at org.testng.TestRunner.run(TestRunner.java:587)
at org.testng.SuiteRunner.runTest(SuiteRunner.java:384)
at org.testng.SuiteRunner.runSequentially(SuiteRunner.java:378)
at org.testng.SuiteRunner.privateRun(SuiteRunner.java:337)
at org.testng.SuiteRunner.run(SuiteRunner.java:286)
at org.testng.SuiteRunnerWorker.runSuite(SuiteRunnerWorker.java:53)
at org.testng.SuiteRunnerWorker.run(SuiteRunnerWorker.java:96)
at org.testng.TestNG.runSuitesSequentially(TestNG.java:1187)
at org.testng.TestNG.runSuitesLocally(TestNG.java:1109)
at org.testng.TestNG.runSuites(TestNG.java:1039)
at org.testng.TestNG.run(TestNG.java:1007)
at org.testng.remote.AbstractRemoteTestNG.run(AbstractRemoteTestNG.java:115)
at org.testng.remote.RemoteTestNG.initAndRun(RemoteTestNG.java:251)
at org.testng.remote.RemoteTestNG.main(RemoteTestNG.java:77)
]]>
            </full-stacktrace>
          </exception> <!-- java.lang.AssertionError -->
          <reporter-output>
          </reporter-output>
        </test-method> <!-- failtest -->
        <test-method status="PASS" signature="getResult(org.testng.ITestResult)[pri:0, instance:de.simple.testcase.Preisvergleich@2bbf4b8b]" name="getResult" is-config="true" duration-ms="8" started-at="2021-04-12T12:31:43 CEST" finished-at="2021-04-12T12:31:43 CEST">
          <params>
            <param index="0">
              <value>
                <![CDATA[[TestResult name=failtest status=FAILURE method=Preisvergleich.failtest()[pri:0, instance:de.simple.testcase.Preisvergleich@2bbf4b8b] output={null}]]]>
              </value>
            </param>
          </params>
          <reporter-output>
          </reporter-output>
        </test-method> <!-- getResult -->
        <test-method status="PASS" signature="tearDowns()[pri:0, instance:de.simple.testcase.Preisvergleich@2bbf4b8b]" name="tearDowns" is-config="true" duration-ms="3793" started-at="2021-04-12T12:31:43 CEST" finished-at="2021-04-12T12:31:46 CEST">
          <reporter-output>
          </reporter-output>
        </test-method> <!-- tearDowns -->
      </class> <!-- de.simple.testcase.Preisvergleich -->
    </test> <!-- Default test -->
  </suite> <!-- Default suite -->
</testng-results>
